mktextfm Arimo_B
mktextfm Arimo_B
mktextfm Arimo_B
mktextfm Arimo-Bold_B
mktextfm Arimo-Italic_B
mktextfm Arimo-BoldItalic_B
mktextfm FreeMono_B
mktextfm FreeMono_B
mktextfm FreeMono_B
mktextfm Arial
mktextfm Arial
mktextfm Arial
mktextfm Arial
mktextfm Arial/B
mktextfm Arial
mktextfm Arial/I
mktextfm Arial
mktextfm Arial/BI
mktextfm Arial
mktextfm Arial
mktextfm Arial
mktextfm Arial
mktextfm Arial
mktextfm Arial
mktextfm Arial/B
mktextfm Arial
mktextfm Arial/I
mktextfm Arial
mktextfm Arial/BI
mktextfm Arial
mktextfm Arial
mktextfm Arial
mktextfm Arial
mktextfm Arial
mktextfm Arial
mktextfm Arial
mktextfm Arial
mktextfm Arial/B
mktextfm Arial
mktextfm Arial/I
mktextfm Arial
mktextfm Arial/BI
mktextfm Arial
mktextfm Arial
mktextfm Arial
mktextfm Arial
mktextfm Arial
mktextfm Arial
mktextfm Arial
mktextfm Arial
mktextfm Arial/B
mktextfm Arial
mktextfm Arial/I
mktextfm Arial
mktextfm Arial/BI
mktextfm Arial
mktextfm Arial
mktextfm Arial
mktextfm Arial
mktextfm Arial
mktextfm Arial
mktextfm Arial
mktextfm Arial
mktextfm Arial/B
mktextfm Arial
mktextfm Arial/I
mktextfm Arial
mktextfm Arial/BI
mktextfm Arial
mktextfm Arial
mktextfm Arial
mktextfm Arial
mktextfm Arial
mktextfm Arial
mktextfm Arial
mktextfm Arial
mktextfm Arial/B
mktextfm Arial
mktextfm Arial/I
mktextfm Arial
mktextfm Arial/BI
mktextfm Arial
mktextfm Arial
mktextfm Arial
mktextfm Arial
mktextfm Arimo_B
mktextfm Arimo_B
mktextfm Arimo_B
mktextfm Arimo_B
mktextfm Arimo_B
mktextfm Arimo-Bold_B
mktextfm Arimo-Italic_B
mktextfm Arimo-BoldItalic_B
mktextfm FreeMono_B
mktextfm FreeMono_B
mktextfm FreeMono_B
mktextfm nullfont
mktextfm nullfont
mktextfm nullfont
mktextfm nullfont
mktextfm nullfont
mktextfm nullfont
mktextfm nullfont
mktextfm nullfont
mktextfm nullfont
