\BOOKMARK [0][]{chapter*.2}{Acknowledgements}{}% 1
\BOOKMARK [0][]{chapter*.3}{Symbols\040and\040abbreviations}{}% 2
\BOOKMARK [0][]{chapter.1}{Introduction}{}% 3
\BOOKMARK [1][-]{section.1.1}{The\040Pite\040Saami\040language\040and\040its\040speakers}{chapter.1}% 4
\BOOKMARK [2][-]{subsection.1.1.1}{Linguistic\040genealogy}{section.1.1}% 5
\BOOKMARK [2][-]{subsection.1.1.2}{Names\040for\040Pite\040Saami}{section.1.1}% 6
\BOOKMARK [2][-]{subsection.1.1.3}{Geography}{section.1.1}% 7
\BOOKMARK [2][-]{subsection.1.1.4}{The\040state\040of\040the\040Pite\040Saami\040language}{section.1.1}% 8
\BOOKMARK [1][-]{section.1.2}{Linguistic\040documentation\040of\040Pite\040Saami}{chapter.1}% 9
\BOOKMARK [2][-]{subsection.1.2.1}{Previous\040studies}{section.1.2}% 10
\BOOKMARK [2][-]{subsection.1.2.2}{The\040Pite\040Saami\040Documentation\040Project\040corpus}{section.1.2}% 11
\BOOKMARK [3][-]{subsubsection.1.2.2.1}{Collection\040methods}{subsection.1.2.2}% 12
\BOOKMARK [2][-]{subsection.1.2.3}{Using\040this\040description}{section.1.2}% 13
\BOOKMARK [3][-]{subsubsection.1.2.3.1}{Accountability\040and\040verifiability}{subsection.1.2.3}% 14
\BOOKMARK [3][-]{subsubsection.1.2.3.2}{Accessing\040archived\040materials}{subsection.1.2.3}% 15
\BOOKMARK [3][-]{subsubsection.1.2.3.3}{Explaining\040examples}{subsection.1.2.3}% 16
\BOOKMARK [3][-]{subsubsection.1.2.3.4}{Orthographic\040considerations}{subsection.1.2.3}% 17
\BOOKMARK [1][-]{section.1.3}{Typological\040profile}{chapter.1}% 18
\BOOKMARK [0][]{chapter.2}{Prosody}{}% 19
\BOOKMARK [1][-]{section.2.1}{Monosyllabic\040word\040structure}{chapter.2}% 20
\BOOKMARK [1][-]{section.2.2}{Multisyllabic\040word\040structure}{chapter.2}% 21
\BOOKMARK [2][-]{subsection.2.2.1}{Word\040stress}{section.2.2}% 22
\BOOKMARK [2][-]{subsection.2.2.2}{Relevant\040prosodic\040domains}{section.2.2}% 23
\BOOKMARK [3][-]{subsubsection.2.2.2.1}{Foot}{subsection.2.2.2}% 24
\BOOKMARK [3][-]{subsubsection.2.2.2.2}{Foot\040onset}{subsection.2.2.2}% 25
\BOOKMARK [3][-]{subsubsection.2.2.2.3}{V1}{subsection.2.2.2}% 26
\BOOKMARK [3][-]{subsubsection.2.2.2.4}{The\040consonant\040center}{subsection.2.2.2}% 27
\BOOKMARK [3][-]{subsubsection.2.2.2.5}{V2}{subsection.2.2.2}% 28
\BOOKMARK [3][-]{subsubsection.2.2.2.6}{C2}{subsection.2.2.2}% 29
\BOOKMARK [3][-]{subsubsection.2.2.2.7}{V3}{subsection.2.2.2}% 30
\BOOKMARK [3][-]{subsubsection.2.2.2.8}{C3}{subsection.2.2.2}% 31
\BOOKMARK [3][-]{subsubsection.2.2.2.9}{Discussion\040and\040examples}{subsection.2.2.2}% 32
\BOOKMARK [2][-]{subsection.2.2.3}{Syllabification}{section.2.2}% 33
\BOOKMARK [2][-]{subsection.2.2.4}{A\040note\040on\040syllables\040and\040feet}{section.2.2}% 34
\BOOKMARK [1][-]{section.2.3}{Utterance-level\040prosody}{chapter.2}% 35
\BOOKMARK [2][-]{subsection.2.3.1}{Intonation\040in\040utterances}{section.2.3}% 36
\BOOKMARK [2][-]{subsection.2.3.2}{Utterance-final\040weakening}{section.2.3}% 37
\BOOKMARK [0][]{chapter.3}{Segmental\040phonology}{}% 38
\BOOKMARK [1][-]{section.3.1}{Consonants}{chapter.3}% 39
\BOOKMARK [2][-]{subsection.3.1.1}{Consonant\040phonemes\040and\040allophonic\040variations}{section.3.1}% 40
\BOOKMARK [3][-]{subsubsection.3.1.1.1}{Preaspiration}{subsection.3.1.1}% 41
\BOOKMARK [3][-]{subsubsection.3.1.1.2}{Geminates}{subsection.3.1.1}% 42
\BOOKMARK [3][-]{subsubsection.3.1.1.3}{Plosives}{subsection.3.1.1}% 43
\BOOKMARK [4][-]{paragraph.3.1.1.3.1}{Voiceless\040singleton\040plosives\040/ptk/}{subsubsection.3.1.1.3}% 44
\BOOKMARK [4][-]{paragraph.3.1.1.3.2}{Voiceless geminate plosives /pːtːkː/}{subsubsection.3.1.1.3}% 45
\BOOKMARK [4][-]{paragraph.3.1.1.3.3}{Preaspirated singleton plosives /ʰpʰtʰk/}{subsubsection.3.1.1.3}% 46
\BOOKMARK [4][-]{paragraph.3.1.1.3.4}{Preaspirated geminate plosives /ʰpːʰtːʰkː/}{subsubsection.3.1.1.3}% 47
\BOOKMARK [4][-]{paragraph.3.1.1.3.5}{Non-voiced\040plosive\040durations\040in\040the\040consonant\040center}{subsubsection.3.1.1.3}% 48
\BOOKMARK [3][-]{subsubsection.3.1.1.4}{Affricates}{subsection.3.1.1}% 49
\BOOKMARK [4][-]{paragraph.3.1.1.4.1}{Plain singleton affricates /ʦʧ/}{subsubsection.3.1.1.4}% 50
\BOOKMARK [4][-]{paragraph.3.1.1.4.2}{Plain geminate affricates /ʦːʧː/}{subsubsection.3.1.1.4}% 51
\BOOKMARK [4][-]{paragraph.3.1.1.4.3}{Preaspirated singleton affricates /ʰʦʰʧ/}{subsubsection.3.1.1.4}% 52
\BOOKMARK [4][-]{paragraph.3.1.1.4.4}{Preaspirated geminate affricates /ʰʦː ʰʧː/}{subsubsection.3.1.1.4}% 53
\BOOKMARK [3][-]{subsubsection.3.1.1.5}{Fricatives}{subsection.3.1.1}% 54
\BOOKMARK [4][-]{paragraph.3.1.1.5.1}{Singleton fricative consonants /fvsʃh/}{subsubsection.3.1.1.5}% 55
\BOOKMARK [4][-]{paragraph.3.1.1.5.2}{Geminate fricative consonants /fːvːsːʃː/}{subsubsection.3.1.1.5}% 56
\BOOKMARK [4][-]{paragraph.3.1.1.5.3}{Fricatives\040and\040preaspiration}{subsubsection.3.1.1.5}% 57
\BOOKMARK [4][-]{paragraph.3.1.1.5.4}{Dialect variation and the historical voiced dental fricative *ð}{subsubsection.3.1.1.5}% 58
\BOOKMARK [3][-]{subsubsection.3.1.1.6}{Nasals}{subsection.3.1.1}% 59
\BOOKMARK [4][-]{paragraph.3.1.1.6.1}{Singleton nasal consonants /mnɲŋ/}{subsubsection.3.1.1.6}% 60
\BOOKMARK [4][-]{paragraph.3.1.1.6.2}{Geminate nasal consonants /mːnːɲːŋː/}{subsubsection.3.1.1.6}% 61
\BOOKMARK [3][-]{subsubsection.3.1.1.7}{Oral\040sonorants}{subsection.3.1.1}% 62
\BOOKMARK [4][-]{paragraph.3.1.1.7.1}{Singleton\040trill\040consonant\040/r/}{subsubsection.3.1.1.7}% 63
\BOOKMARK [4][-]{paragraph.3.1.1.7.2}{Geminate trill consonant /rː/}{subsubsection.3.1.1.7}% 64
\BOOKMARK [4][-]{paragraph.3.1.1.7.3}{Singleton\040lateral\040approximant\040/l/}{subsubsection.3.1.1.7}% 65
\BOOKMARK [4][-]{paragraph.3.1.1.7.4}{Geminate lateral approximant /lː/}{subsubsection.3.1.1.7}% 66
\BOOKMARK [4][-]{paragraph.3.1.1.7.5}{Singleton\040central\040approximant\040/j/}{subsubsection.3.1.1.7}% 67
\BOOKMARK [4][-]{paragraph.3.1.1.7.6}{Geminate central approximant /jː/}{subsubsection.3.1.1.7}% 68
\BOOKMARK [3][-]{subsubsection.3.1.1.8}{Sonorants\040and\040preaspiration}{subsection.3.1.1}% 69
\BOOKMARK [2][-]{subsection.3.1.2}{Consonant\040clusters}{section.3.1}% 70
\BOOKMARK [3][-]{subsubsection.3.1.2.1}{CCs\040in\040onset\040position}{subsection.3.1.2}% 71
\BOOKMARK [3][-]{subsubsection.3.1.2.2}{CCs\040in\040coda\040position}{subsection.3.1.2}% 72
\BOOKMARK [3][-]{subsubsection.3.1.2.3}{Heterosyllabic\040CCs\040in\040the\040consonant\040center}{subsection.3.1.2}% 73
\BOOKMARK [1][-]{section.3.2}{Vowels}{chapter.3}% 74
\BOOKMARK [2][-]{subsection.3.2.1}{Vowel\040phonemes\040and\040allophonic\040variations}{section.3.2}% 75
\BOOKMARK [3][-]{subsubsection.3.2.1.1}{Close\040front\040high\040vowel\040/i/}{subsection.3.2.1}% 76
\BOOKMARK [3][-]{subsubsection.3.2.1.2}{Close-mid\040front\040vowel\040/e/}{subsection.3.2.1}% 77
\BOOKMARK [3][-]{subsubsection.3.2.1.3}{Open-mid front vowel /ɛ/}{subsection.3.2.1}% 78
\BOOKMARK [3][-]{subsubsection.3.2.1.4}{Short\040open\040front\040vowel\040/a/}{subsection.3.2.1}% 79
\BOOKMARK [3][-]{subsubsection.3.2.1.5}{Long open front vowel /aː/}{subsection.3.2.1}% 80
\BOOKMARK [3][-]{subsubsection.3.2.1.6}{Open-mid back vowel /ɔ/}{subsection.3.2.1}% 81
\BOOKMARK [3][-]{subsubsection.3.2.1.7}{Close-mid\040back\040vowel\040/o/}{subsection.3.2.1}% 82
\BOOKMARK [3][-]{subsubsection.3.2.1.8}{Close\040back\040vowel\040/u/}{subsection.3.2.1}% 83
\BOOKMARK [3][-]{subsubsection.3.2.1.9}{Close back to open front vowel /u͡a/}{subsection.3.2.1}% 84
\BOOKMARK [2][-]{subsection.3.2.2}{Epenthetic\040schwa}{section.3.2}% 85
\BOOKMARK [0][]{chapter.4}{Morphological\040patterns\040and\040word\040classes}{}% 86
\BOOKMARK [1][-]{section.4.1}{Overview\040of\040morphology}{chapter.4}% 87
\BOOKMARK [2][-]{subsection.4.1.1}{Linear\040morphology}{section.4.1}% 88
\BOOKMARK [2][-]{subsection.4.1.2}{Non-linear\040morphology\040\(morphophonology\)}{section.4.1}% 89
\BOOKMARK [3][-]{subsubsection.4.1.2.1}{Consonant\040gradation}{subsection.4.1.2}% 90
\BOOKMARK [3][-]{subsubsection.4.1.2.2}{Umlaut}{subsection.4.1.2}% 91
\BOOKMARK [3][-]{subsubsection.4.1.2.3}{Vowel\040harmony}{subsection.4.1.2}% 92
\BOOKMARK [1][-]{section.4.2}{Overview\040of\040word\040classes}{chapter.4}% 93
\BOOKMARK [0][]{chapter.5}{Nominals\040I:\040Nouns}{}% 94
\BOOKMARK [1][-]{section.5.1}{Number\040in\040nouns}{chapter.5}% 95
\BOOKMARK [1][-]{section.5.2}{The\040nominal\040case\040system}{chapter.5}% 96
\BOOKMARK [2][-]{subsection.5.2.1}{Nominative\040case}{section.5.2}% 97
\BOOKMARK [2][-]{subsection.5.2.2}{Genitive\040case}{section.5.2}% 98
\BOOKMARK [2][-]{subsection.5.2.3}{Accusative\040case}{section.5.2}% 99
\BOOKMARK [2][-]{subsection.5.2.4}{Illative\040case}{section.5.2}% 100
\BOOKMARK [2][-]{subsection.5.2.5}{Inessive\040case}{section.5.2}% 101
\BOOKMARK [2][-]{subsection.5.2.6}{Elative\040case}{section.5.2}% 102
\BOOKMARK [2][-]{subsection.5.2.7}{Comitative\040case}{section.5.2}% 103
\BOOKMARK [2][-]{subsection.5.2.8}{Abessive\040case}{section.5.2}% 104
\BOOKMARK [2][-]{subsection.5.2.9}{Essive\040case}{section.5.2}% 105
\BOOKMARK [1][-]{section.5.3}{Number\040and\040case\040marking\040on\040nouns}{chapter.5}% 106
\BOOKMARK [2][-]{subsection.5.3.1}{Nominal\040suffixes}{section.5.3}% 107
\BOOKMARK [3][-]{subsubsection.5.3.1.1}{Nominal\040suffixes\040and\040syncretism}{subsection.5.3.1}% 108
\BOOKMARK [3][-]{subsubsection.5.3.1.2}{Nominal\040suffixes\040with\040a\040-j\040component}{subsection.5.3.1}% 109
\BOOKMARK [2][-]{subsection.5.3.2}{Non-linear\040noun\040morphology}{section.5.3}% 110
\BOOKMARK [2][-]{subsection.5.3.3}{Problematic\040case/number\040marking\040in\040abessive\040case}{section.5.3}% 111
\BOOKMARK [1][-]{section.5.4}{Inflectional\040classes\040for\040nouns}{chapter.5}% 112
\BOOKMARK [2][-]{subsection.5.4.1}{Class\040I}{section.5.4}% 113
\BOOKMARK [3][-]{subsubsection.5.4.1.1}{Class\040Ie}{subsection.5.4.1}% 114
\BOOKMARK [2][-]{subsection.5.4.2}{Class\040II}{section.5.4}% 115
\BOOKMARK [2][-]{subsection.5.4.3}{Class\040III}{section.5.4}% 116
\BOOKMARK [3][-]{subsubsection.5.4.3.1}{Class\040IIIa}{subsection.5.4.3}% 117
\BOOKMARK [3][-]{subsubsection.5.4.3.2}{Class\040IIIb}{subsection.5.4.3}% 118
\BOOKMARK [3][-]{subsubsection.5.4.3.3}{Class\040III\040summary}{subsection.5.4.3}% 119
\BOOKMARK [2][-]{subsection.5.4.4}{Summary\040of\040noun\040classes}{section.5.4}% 120
\BOOKMARK [1][-]{section.5.5}{Possessive\040suffixes}{chapter.5}% 121
\BOOKMARK [0][]{chapter.6}{Nominals\040II:\040Pronouns}{}% 122
\BOOKMARK [1][-]{section.6.1}{Personal\040pronouns}{chapter.6}% 123
\BOOKMARK [1][-]{section.6.2}{Demonstrative\040pronouns}{chapter.6}% 124
\BOOKMARK [1][-]{section.6.3}{Reflexive\040pronouns}{chapter.6}% 125
\BOOKMARK [1][-]{section.6.4}{Interrogative\040pronouns}{chapter.6}% 126
\BOOKMARK [2][-]{subsection.6.4.1}{Interrogative\040pronouns\040with\040human\040referents}{section.6.4}% 127
\BOOKMARK [2][-]{subsection.6.4.2}{Interrogative\040pronouns\040with\040non-human\040referents}{section.6.4}% 128
\BOOKMARK [2][-]{subsection.6.4.3}{Interrogative\040pronouns\040concerning\040a\040selection}{section.6.4}% 129
\BOOKMARK [3][-]{subsubsection.6.4.3.1}{General\040selection\040using\040mikkir-}{subsection.6.4.3}% 130
\BOOKMARK [3][-]{subsubsection.6.4.3.2}{Limited selection using gåb-}{subsection.6.4.3}% 131
\BOOKMARK [2][-]{subsection.6.4.4}{Non-nominal\040interrogative\040pro-forms}{section.6.4}% 132
\BOOKMARK [1][-]{section.6.5}{Relative\040pronouns}{chapter.6}% 133
\BOOKMARK [0][]{chapter.7}{Adjectivals}{}% 134
\BOOKMARK [1][-]{section.7.1}{Attributive\040adjectives}{chapter.7}% 135
\BOOKMARK [2][-]{subsection.7.1.1}{Attributive\040adjectives\040in\040elliptic\040constructions}{section.7.1}% 136
\BOOKMARK [1][-]{section.7.2}{Predicative\040adjectives}{chapter.7}% 137
\BOOKMARK [1][-]{section.7.3}{A\040note\040on\040attributive\040and\040predicative\040adjectives}{chapter.7}% 138
\BOOKMARK [1][-]{section.7.4}{Comparatives\040and\040superlatives}{chapter.7}% 139
\BOOKMARK [1][-]{section.7.5}{Comparing\040NP\040referents}{chapter.7}% 140
\BOOKMARK [1][-]{section.7.6}{Restrictions on smáva and unna ‘small’}{chapter.7}% 141
\BOOKMARK [1][-]{section.7.7}{Quantifiers}{chapter.7}% 142
\BOOKMARK [1][-]{section.7.8}{Demonstratives}{chapter.7}% 143
\BOOKMARK [1][-]{section.7.9}{Numerals}{chapter.7}% 144
\BOOKMARK [2][-]{subsection.7.9.1}{Basic\040numerals}{section.7.9}% 145
\BOOKMARK [3][-]{subsubsection.7.9.1.1}{Derivation\040and\040suppletion\040in\040ordinal\040numerals}{subsection.7.9.1}% 146
\BOOKMARK [2][-]{subsection.7.9.2}{Complex\040numerals}{section.7.9}% 147
\BOOKMARK [2][-]{subsection.7.9.3}{Numerals\040and\040morphosyntax}{section.7.9}% 148
\BOOKMARK [0][]{chapter.8}{Verbs}{}% 149
\BOOKMARK [1][-]{section.8.1}{Finite\040verbs\040and\040inflectional\040categories}{chapter.8}% 150
\BOOKMARK [2][-]{subsection.8.1.1}{Person\040and\040number}{section.8.1}% 151
\BOOKMARK [2][-]{subsection.8.1.2}{Tense}{section.8.1}% 152
\BOOKMARK [2][-]{subsection.8.1.3}{Mood}{section.8.1}% 153
\BOOKMARK [3][-]{subsubsection.8.1.3.1}{Imperative\040mood}{subsection.8.1.3}% 154
\BOOKMARK [3][-]{subsubsection.8.1.3.2}{Potential\040mood}{subsection.8.1.3}% 155
\BOOKMARK [1][-]{section.8.2}{Non-finite\040verb\040forms\040and\040periphrastically\040marked\040verbal\040categories}{chapter.8}% 156
\BOOKMARK [2][-]{subsection.8.2.1}{Future}{section.8.2}% 157
\BOOKMARK [2][-]{subsection.8.2.2}{Aspect}{section.8.2}% 158
\BOOKMARK [3][-]{subsubsection.8.2.2.1}{Perfect}{subsection.8.2.2}% 159
\BOOKMARK [3][-]{subsubsection.8.2.2.2}{Progressive}{subsection.8.2.2}% 160
\BOOKMARK [3][-]{subsubsection.8.2.2.3}{Progressive\040verb\040forms\040used\040adverbially}{subsection.8.2.2}% 161
\BOOKMARK [2][-]{subsection.8.2.3}{Negation}{section.8.2}% 162
\BOOKMARK [1][-]{section.8.3}{Passive\040voice}{chapter.8}% 163
\BOOKMARK [1][-]{section.8.4}{Morphological\040marking\040strategies\040on\040verbs}{chapter.8}% 164
\BOOKMARK [2][-]{subsection.8.4.1}{Inflectional\040suffixes\040for\040verbs}{section.8.4}% 165
\BOOKMARK [3][-]{subsubsection.8.4.1.1}{Verbal\040suffixes\040and\040syncretism}{subsection.8.4.1}% 166
\BOOKMARK [2][-]{subsection.8.4.2}{Non-linear\040morphology\040in\040verbs}{section.8.4}% 167
\BOOKMARK [3][-]{subsubsection.8.4.2.1}{Vowel\040harmony\040patterns\040for\040verbs}{subsection.8.4.2}% 168
\BOOKMARK [2][-]{subsection.8.4.3}{The\040potential\040mood:\040inflection\040or\040derivation?}{section.8.4}% 169
\BOOKMARK [1][-]{section.8.5}{Inflectional\040classes\040for\040verbs}{chapter.8}% 170
\BOOKMARK [2][-]{subsection.8.5.1}{Class\040I}{section.8.5}% 171
\BOOKMARK [2][-]{subsection.8.5.2}{Class\040II}{section.8.5}% 172
\BOOKMARK [2][-]{subsection.8.5.3}{Class\040III}{section.8.5}% 173
\BOOKMARK [2][-]{subsection.8.5.4}{Class\040IV}{section.8.5}% 174
\BOOKMARK [2][-]{subsection.8.5.5}{Class\040V}{section.8.5}% 175
\BOOKMARK [2][-]{subsection.8.5.6}{Other\040possible\040verb\040classes}{section.8.5}% 176
\BOOKMARK [2][-]{subsection.8.5.7}{The verb årrot ‘be’}{section.8.5}% 177
\BOOKMARK [2][-]{subsection.8.5.8}{The\040negation\040verb}{section.8.5}% 178
\BOOKMARK [2][-]{subsection.8.5.9}{Summary\040of\040verb\040classes}{section.8.5}% 179
\BOOKMARK [0][]{chapter.9}{Other\040word\040classes}{}% 180
\BOOKMARK [1][-]{section.9.1}{Adverbs}{chapter.9}% 181
\BOOKMARK [2][-]{subsection.9.1.1}{Derived\040adverbs}{section.9.1}% 182
\BOOKMARK [2][-]{subsection.9.1.2}{Lexical\040adverbs}{section.9.1}% 183
\BOOKMARK [3][-]{subsubsection.9.1.2.1}{The question marker gu∼gus}{subsection.9.1.2}% 184
\BOOKMARK [1][-]{section.9.2}{Adpositions}{chapter.9}% 185
\BOOKMARK [2][-]{subsection.9.2.1}{Postpositions}{section.9.2}% 186
\BOOKMARK [2][-]{subsection.9.2.2}{Prepositions}{section.9.2}% 187
\BOOKMARK [1][-]{section.9.3}{Conjunctions}{chapter.9}% 188
\BOOKMARK [1][-]{section.9.4}{Interjections}{chapter.9}% 189
\BOOKMARK [0][]{chapter.10}{Derivational\040morphology}{}% 190
\BOOKMARK [1][-]{section.10.1}{Nominal\040derivation}{chapter.10}% 191
\BOOKMARK [2][-]{subsection.10.1.1}{The\040diminutive\040suffix\040-tj}{section.10.1}% 192
\BOOKMARK [2][-]{subsection.10.1.2}{The\040general\040nominalizer\040suffix\040-k}{section.10.1}% 193
\BOOKMARK [2][-]{subsection.10.1.3}{The\040action\040nominalizer\040suffix\040-o}{section.10.1}% 194
\BOOKMARK [2][-]{subsection.10.1.4}{The agent nominalizer suffix -däddje}{section.10.1}% 195
\BOOKMARK [2][-]{subsection.10.1.5}{The\040state\040nominalizer\040suffix\040-vuohta}{section.10.1}% 196
\BOOKMARK [1][-]{section.10.2}{Verbal\040derivation}{chapter.10}% 197
\BOOKMARK [2][-]{subsection.10.2.1}{The\040diminutive\040verbalizer\040suffix\040-tj}{section.10.2}% 198
\BOOKMARK [2][-]{subsection.10.2.2}{The\040verbal\040derivational\040suffix\040-st}{section.10.2}% 199
\BOOKMARK [2][-]{subsection.10.2.3}{The\040verbal\040derivational\040suffix\040-d}{section.10.2}% 200
\BOOKMARK [2][-]{subsection.10.2.4}{The\040verbal\040derivational\040suffix\040-dall}{section.10.2}% 201
\BOOKMARK [2][-]{subsection.10.2.5}{Passivization\040with\040the\040derivational\040suffix\040-duvv}{section.10.2}% 202
\BOOKMARK [1][-]{section.10.3}{Adjectival\040derivation}{chapter.10}% 203
\BOOKMARK [2][-]{subsection.10.3.1}{Adjective\040derivation}{section.10.3}% 204
\BOOKMARK [2][-]{subsection.10.3.2}{Ordinal numeral derivation with -át}{section.10.3}% 205
\BOOKMARK [1][-]{section.10.4}{Adverbial\040derivation}{chapter.10}% 206
\BOOKMARK [1][-]{section.10.5}{Summary\040of\040derivational\040morphology}{chapter.10}% 207
\BOOKMARK [0][]{chapter.11}{Phrase\040types}{}% 208
\BOOKMARK [1][-]{section.11.1}{Verb\040complex}{chapter.11}% 209
\BOOKMARK [1][-]{section.11.2}{Nominal\040phrases}{chapter.11}% 210
\BOOKMARK [2][-]{subsection.11.2.1}{NPs\040in\040adverbial\040function}{section.11.2}% 211
\BOOKMARK [1][-]{section.11.3}{Adjectival\040phrases}{chapter.11}% 212
\BOOKMARK [2][-]{subsection.11.3.1}{APs\040in\040adverbial\040function}{section.11.3}% 213
\BOOKMARK [1][-]{section.11.4}{Adverbial\040phrases}{chapter.11}% 214
\BOOKMARK [1][-]{section.11.5}{Postpositional\040phrases}{chapter.11}% 215
\BOOKMARK [0][]{chapter.12}{Overview\040of\040the\040syntax\040of\040sentences}{}% 216
\BOOKMARK [1][-]{section.12.1}{Grammatical\040relations}{chapter.12}% 217
\BOOKMARK [1][-]{section.12.2}{Constituent\040order\040at\040clause\040level}{chapter.12}% 218
\BOOKMARK [2][-]{subsection.12.2.1}{Information\040structure}{section.12.2}% 219
\BOOKMARK [0][]{chapter.13}{Basic\040clauses}{}% 220
\BOOKMARK [1][-]{section.13.1}{Declarative\040clauses}{chapter.13}% 221
\BOOKMARK [2][-]{subsection.13.1.1}{Basic\040intransitive\040declaratives}{section.13.1}% 222
\BOOKMARK [3][-]{subsubsection.13.1.1.1}{Clauses\040with\040a\040passive\040verb}{subsection.13.1.1}% 223
\BOOKMARK [2][-]{subsection.13.1.2}{Basic\040transitive\040declaratives}{section.13.1}% 224
\BOOKMARK [2][-]{subsection.13.1.3}{Existential\040clauses}{section.13.1}% 225
\BOOKMARK [2][-]{subsection.13.1.4}{Copula\040clauses}{section.13.1}% 226
\BOOKMARK [2][-]{subsection.13.1.5}{Multi-verb\040declarative\040clauses}{section.13.1}% 227
\BOOKMARK [3][-]{subsubsection.13.1.5.1}{Modal\040verbs}{subsection.13.1.5}% 228
\BOOKMARK [3][-]{subsubsection.13.1.5.2}{The aspectual auxiliary verb årrot}{subsection.13.1.5}% 229
\BOOKMARK [3][-]{subsubsection.13.1.5.3}{The\040negation\040verb}{subsection.13.1.5}% 230
\BOOKMARK [1][-]{section.13.2}{Interrogative\040clauses}{chapter.13}% 231
\BOOKMARK [2][-]{subsection.13.2.1}{Constituent\040interrogative\040clauses}{section.13.2}% 232
\BOOKMARK [2][-]{subsection.13.2.2}{Polar\040interrogative\040clauses}{section.13.2}% 233
\BOOKMARK [3][-]{subsubsection.13.2.2.1}{Polar\040interrogatives\040and\040the\040question\040marker}{subsection.13.2.2}% 234
\BOOKMARK [1][-]{section.13.3}{Clauses\040in\040the\040imperative\040mood}{chapter.13}% 235
\BOOKMARK [1][-]{section.13.4}{Clauses\040in\040the\040potential\040mood}{chapter.13}% 236
\BOOKMARK [0][]{chapter.14}{Complex\040clauses}{}% 237
\BOOKMARK [1][-]{section.14.1}{Clausal\040coordination}{chapter.14}% 238
\BOOKMARK [1][-]{section.14.2}{Clausal\040subordination}{chapter.14}% 239
\BOOKMARK [2][-]{subsection.14.2.1}{Complement\040clauses}{section.14.2}% 240
\BOOKMARK [3][-]{subsubsection.14.2.1.1}{Complement\040clauses\040with\040a\040finite\040predicate}{subsection.14.2.1}% 241
\BOOKMARK [3][-]{subsubsection.14.2.1.2}{Complement\040clauses\040with\040an\040infinitive\040predicate}{subsection.14.2.1}% 242
\BOOKMARK [2][-]{subsection.14.2.2}{Adverbial\040clauses}{section.14.2}% 243
\BOOKMARK [2][-]{subsection.14.2.3}{Other\040subordinate\040clauses\040with\040non-finite\040verb\040forms}{section.14.2}% 244
\BOOKMARK [2][-]{subsection.14.2.4}{Relative\040clauses}{section.14.2}% 245
\BOOKMARK [0][]{chapter*.4}{Appendix:\040Inventory\040of\040Recordings}{}% 246
