This is XeTeX, Version 3.14159265-2.6-0.99991 (TeX Live 2014) (preloaded format=xelatex 2014.11.25)  28 NOV 2014 15:06
entering extended mode
 restricted \write18 enabled.
 %&-line parsing enabled.
**chap-interface.tex
(./chap-interface.tex
LaTeX2e <2014/05/01>
Babel <3.9l> and hyphenation patterns for 79 languages loaded.
! Undefined control sequence.
l.1 \chapter
            {The syntax-morphology interface} \label{syntax-morphology-inter...

? 
! Emergency stop.
l.1 \chapter
            {The syntax-morphology interface} \label{syntax-morphology-inter...
End of file on the terminal!

 
Here is how much of TeX's memory you used:
 4 strings out of 493724
 70 string characters out of 6145898
 53043 words of memory out of 5000000
 3432 multiletter control sequences out of 15000+600000
 3640 words of font info for 14 fonts, out of 8000000 for 9000
 1328 hyphenation exceptions out of 8191
 5i,0n,1p,98b,8s stack positions out of 5000i,500n,10000p,200000b,80000s
No pages of output.
