This is XeTeX, Version 3.1415926-2.4-0.9998 (TeX Live 2012/Debian) (format=xelatex 2014.5.23)  10 JUL 2014 14:30
entering extended mode
 restricted \write18 enabled.
 %&-line parsing enabled.
**berghall.texcd /home/snordhoff/versioning/git/langsci/lsp-books/inprep/Bergha
ll
(/usr/share/texlive/texmf-dist/tex/latex/tools/x.tex
! Interruption.
<to be read again> 
                   \begingroup 
l.1 
    %%
? x
 
Here is how much of TeX's memory you used:
 7 strings out of 495668
 168 string characters out of 3186665
 45289 words of memory out of 3000000
 3261 multiletter control sequences out of 15000+200000
 3640 words of font info for 14 fonts, out of 3000000 for 9000
 14 hyphenation exceptions out of 8191
 3i,0n,1p,86b,6s stack positions out of 5000i,500n,10000p,200000b,50000s
No pages of output.
