\BOOKMARK [0][-]{chapter*.1}{Preface}{}% 1
\BOOKMARK [0][-]{chapter*.2}{Acknowledgements}{}% 2
\BOOKMARK [0][-]{chapter*.3}{List\040of\040abbreviations\040and\040notational\040conventions}{}% 3
\BOOKMARK [-1][]{part.1}{Preliminaries}{}% 4
\BOOKMARK [0][-]{chapter.1}{Introduction}{part.1}% 5
\BOOKMARK [0][-]{chapter.2}{Noun\040phrases\040and\040adjectival\040modifiers}{part.1}% 6
\BOOKMARK [1][-]{section.2.1}{Noun\040phrases}{chapter.2}% 7
\BOOKMARK [1][-]{section.2.2}{Adjectival\040modifiers}{chapter.2}% 8
\BOOKMARK [1][-]{section.2.3}{Syntax\040of\040adjectival\040modification}{chapter.2}% 9
\BOOKMARK [2][-]{subsection.2.3.1}{Noun\040phrase\040internal\040syntax}{section.2.3}% 10
\BOOKMARK [2][-]{subsection.2.3.2}{Headless\040noun\040phrases}{section.2.3}% 11
\BOOKMARK [2][-]{subsection.2.3.3}{Appositional\040modification}{section.2.3}% 12
\BOOKMARK [0][-]{chapter.3}{The\040syntax-morphology\040interface}{part.1}% 13
\BOOKMARK [1][-]{section.3.1}{Morpho-syntax}{chapter.3}% 14
\BOOKMARK [2][-]{paragraph.3.1.0.0.1}{Morphological\040features}{section.3.1}% 15
\BOOKMARK [3][-]{paragraph.3.1.0.0.2}{Morpho-semantic\040features}{paragraph.3.1.0.0.1}% 16
\BOOKMARK [4][-]{paragraph.3.1.0.0.3}{Morpho-syntactic\040features}{paragraph.3.1.0.0.2}% 17
\BOOKMARK [1][-]{section.3.2}{Morpho-syntactic\040features}{chapter.3}% 18
\BOOKMARK [1][-]{section.3.3}{An\040ontology\040of\040morpho-syntactic\040features}{chapter.3}% 19
\BOOKMARK [0][-]{section*.20}{List\040of\040references}{part.1}% 20
