\BOOKMARK [0][-]{chapter*.2}{Acknowledgments}{}% 1
\BOOKMARK [0][-]{chapter*.3}{Abbreviations\040and\040notational\040conventions}{}% 2
\BOOKMARK [-1][]{part.1}{Preliminaries}{}% 3
\BOOKMARK [0][-]{chapter.1}{Introduction}{part.1}% 4
\BOOKMARK [0][-]{chapter.2}{Noun\040phrases\040and\040adjectival\040modifiers}{part.1}% 5
\BOOKMARK [1][-]{section.2.1}{Noun\040phrases}{chapter.2}% 6
\BOOKMARK [1][-]{section.2.2}{Adjectival\040modifiers}{chapter.2}% 7
\BOOKMARK [1][-]{section.2.3}{Syntax\040of\040adjectival\040modification}{chapter.2}% 8
\BOOKMARK [2][-]{subsection.2.3.1}{Headless\040noun\040phrases}{section.2.3}% 9
\BOOKMARK [2][-]{subsection.2.3.2}{Appositional\040modification}{section.2.3}% 10
\BOOKMARK [-1][]{part.2}{Typology}{}% 11
\BOOKMARK [0][-]{chapter.3}{Typologizing\040noun\040phrase\040structure}{part.2}% 12
\BOOKMARK [1][-]{paragraph.3.0.2.0.1}{Attribution\040marking}{chapter.3}% 13
\BOOKMARK [2][-]{paragraph.3.0.2.0.2}{Typological\040parameters}{paragraph.3.0.2.0.1}% 14
\BOOKMARK [3][-]{paragraph.3.0.2.0.3}{How\040many\040noun\040phrase\040types\040does\040a\040language\040exhibit?}{paragraph.3.0.2.0.2}% 15
\BOOKMARK [0][-]{chapter.4}{Typology\040of\040attribution\040marking}{part.2}% 16
\BOOKMARK [1][-]{section.4.1}{Juxtaposition}{chapter.4}% 17
\BOOKMARK [1][-]{section.4.2}{Incorporation}{chapter.4}% 18
\BOOKMARK [2][-]{paragraph.4.2.0.0.4}{Phonological\040vs.\040syntactic\040compounds}{section.4.2}% 19
\BOOKMARK [1][-]{section.4.3}{Agreement}{chapter.4}% 20
\BOOKMARK [2][-]{subsection.4.3.1}{Head-driven\040agreement}{section.4.3}% 21
\BOOKMARK [2][-]{subsection.4.3.2}{Dependent-driven\040agreement}{section.4.3}% 22
\BOOKMARK [3][-]{subsubsection.4.3.2.1}{Modifier-headed\040possessor\040agreement}{subsection.4.3.2}% 23
\BOOKMARK [1][-]{section.4.4}{Construct\040marking}{chapter.4}% 24
\BOOKMARK [2][-]{subsection.4.4.1}{Head-marking\040attributive\040state}{section.4.4}% 25
\BOOKMARK [2][-]{subsection.4.4.2}{Dependent\040marking\040attributive\040state}{section.4.4}% 26
\BOOKMARK [3][-]{subsubsection.4.4.2.1}{Anti-construct\040state}{subsection.4.4.2}% 27
\BOOKMARK [4][-]{paragraph.4.4.2.1.1}{Possessive\040case\040marking}{subsubsection.4.4.2.1}% 28
\BOOKMARK [3][-]{subsubsection.4.4.2.2}{Anti-construct\040state\040agreement\040marking}{subsection.4.4.2}% 29
\BOOKMARK [3][-]{subsubsection.4.4.2.3}{Attributive\040nominalization}{subsection.4.4.2}% 30
\BOOKMARK [3][-]{subsubsection.4.4.2.4}{Attributive\040articles}{subsection.4.4.2}% 31
\BOOKMARK [4][-]{paragraph.4.4.2.4.1}{Attributive\040articles\040as\040subtype\040of\040attributive\040nominalizers}{subsubsection.4.4.2.4}% 32
\BOOKMARK [4][-]{paragraph.4.4.2.4.2}{D-Elements\040which\040are\040not\040nominalizers}{subsubsection.4.4.2.4}% 33
\BOOKMARK [2][-]{subsection.4.4.3}{Head+dependent\040marking\040attributive\040state}{section.4.4}% 34
\BOOKMARK [2][-]{subsection.4.4.4}{Neutral\040attributive\040state}{section.4.4}% 35
\BOOKMARK [0][-]{chapter.5}{Ontology\040of\040attribution\040marking}{part.2}% 36
\BOOKMARK [-1][]{part.3}{Synchrony}{}% 37
\BOOKMARK [-1][]{part.4}{Diachrony}{}% 38
\BOOKMARK [-1][]{part.5}{Conclusion}{}% 39
\BOOKMARK [0][-]{chapter*.12}{Language\040sample\040and\040maps}{part.5}% 40
\BOOKMARK [0][-]{section*.13}{Name\040index}{part.5}% 41
\BOOKMARK [0][-]{section*.13}{Name\040index}{part.5}% 42
\BOOKMARK [0][-]{section*.14}{Subject\040index}{part.5}% 43
